e:\ms\sem2spring2015\object oriented design\projects\pr 2\submitted\xmldocument 1.0\xmldocument 1.0\xmlelement\debug\vc140.pdb
e:\ms\sem2spring2015\object oriented design\projects\pr 2\submitted\xmldocument 1.0\xmldocument 1.0\xmlelement\debug\vc140.idb
e:\ms\sem2spring2015\object oriented design\projects\pr 2\submitted\xmldocument 1.0\xmldocument 1.0\xmlelement\debug\xmlelement.obj
e:\ms\sem2spring2015\object oriented design\projects\pr 2\submitted\xmldocument 1.0\xmldocument 1.0\xmlelement\debug\xmlelementfactory.obj
e:\github\xmldocument 1.0\xmlelement\debug\vc140.pdb
e:\github\xmldocument 1.0\xmlelement\debug\vc140.idb
e:\github\xmldocument 1.0\xmlelement\debug\xmlelement.obj
e:\github\xmldocument 1.0\xmlelement\debug\xmlelementfactory.obj
e:\ms\sem2spring2015\object oriented design\projects\pr 2\submitted\xmldocument 1.0\xmldocument 1.0\debug\xmlelement.ilk
e:\ms\sem2spring2015\object oriented design\projects\pr 2\submitted\xmldocument 1.0\xmldocument 1.0\debug\xmlelement.exe
e:\ms\sem2spring2015\object oriented design\projects\pr 2\submitted\xmldocument 1.0\xmldocument 1.0\debug\xmlelement.pdb
e:\github\xmldocument 1.0\debug\xmlelement.ilk
e:\github\xmldocument 1.0\debug\xmlelement.exe
e:\github\xmldocument 1.0\debug\xmlelement.pdb
e:\github\xmldocument 1.0\xmlelement\debug\xmlelement.tlog\cl.command.1.tlog
e:\github\xmldocument 1.0\xmlelement\debug\xmlelement.tlog\cl.read.1.tlog
e:\github\xmldocument 1.0\xmlelement\debug\xmlelement.tlog\cl.write.1.tlog
e:\github\xmldocument 1.0\xmlelement\debug\xmlelement.tlog\link.command.1.tlog
e:\github\xmldocument 1.0\xmlelement\debug\xmlelement.tlog\link.read.1.tlog
e:\github\xmldocument 1.0\xmlelement\debug\xmlelement.tlog\link.write.1.tlog
