e:\ms\sem2spring2015\object oriented design\projects\pr 2\submitted\xmldocument 1.0\xmldocument 1.0\xmlelementparts\debug\vc140.pdb
e:\ms\sem2spring2015\object oriented design\projects\pr 2\submitted\xmldocument 1.0\xmldocument 1.0\xmlelementparts\debug\vc140.idb
e:\ms\sem2spring2015\object oriented design\projects\pr 2\submitted\xmldocument 1.0\xmldocument 1.0\xmlelementparts\debug\tokenizer.obj
e:\ms\sem2spring2015\object oriented design\projects\pr 2\submitted\xmldocument 1.0\xmldocument 1.0\xmlelementparts\debug\xmlelementparts.obj
e:\github\xmldocument 1.0\xmlelementparts\debug\vc140.pdb
e:\github\xmldocument 1.0\xmlelementparts\debug\vc140.idb
e:\github\xmldocument 1.0\xmlelementparts\debug\tokenizer.obj
e:\github\xmldocument 1.0\xmlelementparts\debug\xmlelementparts.obj
e:\ms\sem2spring2015\object oriented design\projects\pr 2\submitted\xmldocument 1.0\xmldocument 1.0\debug\xmlelementparts.ilk
e:\ms\sem2spring2015\object oriented design\projects\pr 2\submitted\xmldocument 1.0\xmldocument 1.0\debug\xmlelementparts.exe
e:\ms\sem2spring2015\object oriented design\projects\pr 2\submitted\xmldocument 1.0\xmldocument 1.0\debug\xmlelementparts.pdb
e:\github\xmldocument 1.0\debug\xmlelementparts.ilk
e:\github\xmldocument 1.0\debug\xmlelementparts.exe
e:\github\xmldocument 1.0\debug\xmlelementparts.pdb
e:\github\xmldocument 1.0\xmlelementparts\debug\xmlelementparts.tlog\cl.command.1.tlog
e:\github\xmldocument 1.0\xmlelementparts\debug\xmlelementparts.tlog\cl.read.1.tlog
e:\github\xmldocument 1.0\xmlelementparts\debug\xmlelementparts.tlog\cl.write.1.tlog
e:\github\xmldocument 1.0\xmlelementparts\debug\xmlelementparts.tlog\link.command.1.tlog
e:\github\xmldocument 1.0\xmlelementparts\debug\xmlelementparts.tlog\link.read.1.tlog
e:\github\xmldocument 1.0\xmlelementparts\debug\xmlelementparts.tlog\link.write.1.tlog
